\BOOKMARK [1][-]{section.1}{1 Conway-Coxeterのフリーズパターン \(A 型の場合\)}{}% 1
\BOOKMARK [1][-]{section.2}{2 B 型のフリーズパターン}{}% 2
\BOOKMARK [2][-]{subsection.2.1}{2.1 Bn 型フリーズパターンの生成規則}{section.2}% 3
\BOOKMARK [2][-]{subsection.2.2}{2.2 A2n-1 型から Bn 型への折り畳み}{section.2}% 4
\BOOKMARK [1][-]{section.3}{3 D 型と C 型のフリーズパターン}{}% 5
\BOOKMARK [2][-]{subsection.3.1}{3.1 Dn 型フリーズパターン}{section.3}% 6
\BOOKMARK [2][-]{subsection.3.2}{3.2 Cn 型フリーズパターン}{section.3}% 7
\BOOKMARK [1][-]{section.4}{4 E, F, G 型のフリーズパターン}{}% 8
\BOOKMARK [2][-]{subsection.4.1}{4.1 E6,7,8 型フリーズパターン}{section.4}% 9
\BOOKMARK [2][-]{subsection.4.2}{4.2 F4 型フリーズパターン}{section.4}% 10
\BOOKMARK [2][-]{subsection.4.3}{4.3 G2 型フリーズパターン}{section.4}% 11
\BOOKMARK [1][-]{section.5}{5 整数性と有限反復性の初等的証明のアイデア}{}% 12
\BOOKMARK [2][-]{subsection.5.1}{5.1 An 型\(Conway-Coxeter\)フリーズパターンの場合}{section.5}% 13
\BOOKMARK [2][-]{subsection.5.2}{5.2 Bn 型の場合}{section.5}% 14
\BOOKMARK [2][-]{subsection.5.3}{5.3 Cn 型の場合}{section.5}% 15
\BOOKMARK [2][-]{subsection.5.4}{5.4 Dn 型の場合}{section.5}% 16
\BOOKMARK [1][-]{section.6}{6 An 型フリーズパターンと多角形の三角形分割の関係}{}% 17
\BOOKMARK [1][-]{section.7}{7 フリーズパターンのさらなる一般化}{}% 18
\BOOKMARK [2][-]{subsection.7.1}{7.1 初期条件の 1 を変数で置き換える一般化}{section.7}% 19
\BOOKMARK [2][-]{subsection.7.2}{7.2 有限反復性が成立しない場合への一般化}{section.7}% 20
\BOOKMARK [1][-]{section.8}{8 A\(1\)1 型のフリーズパターン}{}% 21
\BOOKMARK [2][-]{subsection.8.1}{8.1 初期条件が 1 の並びの場合}{section.8}% 22
\BOOKMARK [2][-]{subsection.8.2}{8.2 初期条件が変数に一般化された場合}{section.8}% 23
\BOOKMARK [1][-]{section.9}{9 A\(2\)2 型のフリーズパターン}{}% 24
\BOOKMARK [2][-]{subsection.9.1}{9.1 初期条件が 1 の並びの場合}{section.9}% 25
\BOOKMARK [2][-]{subsection.9.2}{9.2 初期条件が変数に一般化された場合}{section.9}% 26
\BOOKMARK [1][-]{section.10}{10 一般の型のフリーズパターン}{}% 27
\BOOKMARK [2][-]{subsection.10.1}{10.1 反対称化可能整数行列とそれに対応する箙}{section.10}% 28
\BOOKMARK [2][-]{subsection.10.2}{10.2 一般の型のフリーズパターンの定義}{section.10}% 29
\BOOKMARK [2][-]{subsection.10.3}{10.3 An 型の場合}{section.10}% 30
\BOOKMARK [2][-]{subsection.10.4}{10.4 F4 型の場合}{section.10}% 31
\BOOKMARK [2][-]{subsection.10.5}{10.5 箙の型}{section.10}% 32
\BOOKMARK [1][-]{section.11}{11 さらに勉強したい人のための解説文献の紹介}{}% 33
