This is PTeX, C Version 2.99 j1.7 p1.0.9F (preloaded format=jalplain 93.4.18)  25 DEC 1996 04:43
**&jamslatex \nonstopmode\input {shitan01-juten.tex}
(shitan01-juten.tex (/usr/local/lib/ascii-jtex/macros/jarticle.sty
Document Style `jarticle' <18 Dec 88>.
(/usr/local/lib/ascii-jtex/macros/jart12.sty)
\c@part=\count78
\c@section=\count79
\c@subsection=\count80
\c@subsubsection=\count81
\c@paragraph=\count82
\c@subparagraph=\count83
\c@figure=\count84
\c@table=\count85
)
(/usr/local/lib/tex/amsmacros/amstex.sty
AMS-LaTeX option `amstex.sty' (1.1, 21-JUN-1991)
(/usr/local/lib/tex/amsmacros/amstext.sty
AMS-LaTeX option `amstext.sty' (1.1, 21-JUN-1991)
) (/usr/local/lib/tex/amsmacros/amsfonts.sty
AMS-LaTeX option `amsfonts.sty' (1.1a, 3-SEP-1991)
\msa@group=\mathgroup6
\msb@group=\mathgroup7
\frak@@group=\mathgroup8
\bold@@group=\mathgroup9
\Mathstrutbox@=\box25
\strutbox@=\box26
\big@size=\dimen99
\ex@=\dimen100
\minaw@=\dimen101
\dotsspace@=\muskip10
) (/usr/local/lib/tex/amsmacros/amsbsy.sty
AMS-LaTeX option `amsbsy.sty' (1.1, 21-JUN-1991)
\pmbraise@=\dimen102
)
\athelp@=\toks14
\intno@=\count86
\hashtoks@=\toks15
\bigaw@=\dimen103
\classnum@=\count87
\DOTSCASE@=\count88
\skewcharcount@=\count89
\familycount@=\count90
\pointcount@=\count91
\accentdimen@=\dimen104
\accentmu@=\count92
\uproot@=\count93
\leftroot@=\count94
\dspbrk@lvl=\count95
\tag@help=\toks16
\c@MaxMatrixCols=\count96
\and@=\count97
\andhelp@=\toks17
\@envbody=\toks18
\atcount@=\count98
\lwidth@=\dimen105
\rwidth@=\dimen106
\maxlwidth@=\dimen107
\maxrwidth@=\dimen108
\totwidth@=\dimen109
\lineht@=\dimen110
\savealignat@=\box27
\gwidth@=\dimen111
\gmaxwidth@=\dimen112
\glineht@=\dimen113
\multlinegap=\dimen114
\multlinetaggap@=\dimen115
\mwidth@=\dimen116
\mlineht@=\dimen117
\mtagbox@=\box28
\ltwidth@=\dimen118
\rtwidth@=\dimen119
) (/usr/local/lib/tex/amsmacros/amssymb.sty
AMS-LaTeX option `amssymb.sty' (1.1, 21-JUN-1991)
) (/usr/local/lib/tex/amsmacros/amscd.sty
AMS-Latex option `amscd.sty' (1.1, 21-JUN-1991)
\minCDarrowwidth=\dimen120
) (shitan01-juten.sty
\citeindent=\dimen121
\citerulewidth=\dimen122
\citewidth=\dimen123
\citeskip=\skip41
\c@Theorem=\count99
\rsfs@group=\mathgroup10
) (shitan01-juten.aux) (shitan01-juten.toc [1

] [2]
[3] [4] [5])
\tf@toc=\write3
 [6] [7] [8] [9]
Overfull \hbox (11.09274pt too wide) in paragraph at lines 462--465
\cmr/bx/n/12 Theorem 2.$\cmm/m/it/12 E[]$ \min/m/it/12 ÇÕ \cmr/m/n/12 holo-nomi
c \min/m/it/12 Ç≈ÇªÇÃ \cmr/m/n/12 char-ac-ter-is-tic va-ri-ety \min/m/it/12 ÇÕ\
cmr/m/n/12 , cy-cle \min/m/it/12 Ç∆ÇµÇƒ$\cmm/m/it/12 ^^Y[]\cmr/m/n/12 (0)$ (Hit
chin's

\hbox(9.51027+3.35555)x456.0, glue set - 1.0
.\cmr/bx/n/12 T
.\cmr/bx/n/12 h
.\cmr/bx/n/12 e
.\cmr/bx/n/12 o
.\cmr/bx/n/12 r
.etc.

[10] [11] [12] [13] [14] [15] [16] [17] [18] [19] [20] [21] [22] [23] [24]
[25] [26] [27] [28] [29] [30] [31] [32] [33] [34] [35] [36] [37] [38] [39]
[40] [41] [42] [43]
Overfull \hbox (0.95023pt too wide) in paragraph at lines 3109--3109
[]\cmtt/m/n/12 Subject: Re: Definition of conformal blocks?  (Re: CFT on ellipt
ic curves)[] 

\hbox(8.33331+2.66666)x456.0
.\hbox(0.0+0.0)x0.0
.\cmtt/m/n/12 S
.\cmtt/m/n/12 u
.\cmtt/m/n/12 b
.\cmtt/m/n/12 j
.etc.

[44] [45] [46] [47] [48] [49] [50] [51] [52] [53] [54] [55] [56] [57] [58]
[59] [60] [61] [62] [63] [64] [65] [66] [67] [68] [69] [70] [71]
Overfull \hbox (17.4324pt too wide) in paragraph at lines 5135--5140
\min/m/it/12 ÇæÇ©ÇÁ $[][]\cmr/m/n/12 (  \cmm/m/it/12 ; \cmsy/m/n/12 O\cmr/m/n/1
2 )$ \min/m/it/12 Ç≈ \cmr/m/n/12 dual \min/m/it/12 ÇéÊ Ç¡ ÇƒÇ‚ÇÍÇŒ\cmr/m/n/12 
, $\cmm/m/it/12 E[] \cmr/m/n/12 = [][](\cmm/m/it/12 E; \cmsy/m/n/12 O\cmr/m/n/1
2 )$ \min/m/it/12 Ç… $\cmr/m/n/12 (\cmm/m/it/12 E[]\cmr/m/n/12 )[] = [](\cmm/m/
it/12 E[]\cmr/m/n/12 )$

\hbox(9.33105+3.0)x456.0, glue set - 1.0
.\min/m/it/12 Çæ
.\min/m/it/12 Ç©
.\min/m/it/12 ÇÁ
.\glue 3.91663 plus 1.95831 minus 1.30554
.\mathon
.etc.

[72] [73] [74] [75]
Overfull \hbox (0.95023pt too wide) in paragraph at lines 5422--5422
[]\cmtt/m/n/12 Subject: Re: vertex operator algebra(?) associated with projecti
ve surface[] 

\hbox(8.33331+2.66666)x456.0
.\hbox(0.0+0.0)x0.0
.\cmtt/m/n/12 S
.\cmtt/m/n/12 u
.\cmtt/m/n/12 b
.\cmtt/m/n/12 j
.etc.

[76] [77] [78] [79] [80] [81] [82] [83] [84] [85] [86] [87] [88] [89] [90]
[91]
Overfull \hbox (4.45058pt too wide) in paragraph at lines 6557--6557
[]\cmr/bx/n/14 takebe: Op-ers \min/bx/n/14 ÇÃÉÇÉW ÉÖ ÉâÉCãÛä‘ÇÃìôéøãÛä‘Ç∆ÇµÇƒÇÃ
ãLèq \cmr/bx/n/14 (oper9+) 

\hbox(11.19725+3.59999)x456.0, glue set - 1.0
.\hbox(9.27998+0.0)x36.89995, yoko direction
..\glue 0.0
..\cmr/bx/n/14 6
..\cmr/bx/n/14 5
..\cmr/bx/n/14 .
..\glue 16.19998
.\cmr/bx/n/14 t
.\cmr/bx/n/14 a
.\cmr/bx/n/14 k
.\kern-0.45001
.etc.

[92] [93] [94] [95] [96] [97] [98] [99] [100] [101] [102] [103] [104]
Overfull \hbox (26.08537pt too wide) in paragraph at lines 7439--7442
\min/m/it/12 Ç≈Ç†ÇÈÇ∆Ç†ÇËÇ‹Ç∑\cmr/m/n/12 . ``$\cmsy/m/n/12 ^^T$\cmr/m/n/12 '' \
min/m/it/12 Ç≈ÇÕÇ»Ç≠ \cmr/m/n/12 ``$\cmm/m/it/12 <$\cmr/m/n/12 '' \min/m/it/12 
Ç≈Ç†ÇÈÇ∆Ç±ÇÎÇ™É~É\Ç»ÇÃÇ≈Ç∑Ç™ Åc\cmr/m/n/12 . \min/m/it/12 Ç¬Ç‹ÇË\cmr/m/n/12 , $
\cmm/m/it/12 H[]\cmr/m/n/12 (\cmm/m/it/12 Y; \cmr/m/n/12 
[](\cmm/m/it/12 kD\cmr/m/n/12 ))$

\hbox(9.91026+3.0)x456.0, glue set - 1.0
.\min/m/it/12 Ç≈
.\min/m/it/12 Ç†
.\min/m/it/12 ÇÈ
.\min/m/it/12 Ç∆
.\min/m/it/12 Ç†
.etc.

[105] [106] [107]
Underfull \hbox (badness 1917) in paragraph at lines 7647--7652
[] []$[]\cmr/m/n/12 (\cmm/m/it/12 A[]\cmr/m/n/12 (\cmm/m/it/12 X\cmr/m/n/12 ))$
 \min/m/it/12 ÇÕ \cmr/m/n/12 canon-i-cal \min/m/it/12 Ç… $[][]\cmr/m/n/12 (\cmm
/m/it/12 X\cmr/m/n/12 )$ \min/m/it/12 ÇÃç¿ïWä¬Ç∆ìØå^\cmr/m/n/12 . \min/m/it/12 
Ç±Ç±Ç≈\cmr/m/n/12 ,

\hbox(9.33105+3.35555)x409.91612, glue set 2.6787
.\hbox(0.0+0.0)x0.0
.\glue 0.0
.\hbox(7.73332+0.83337)x17.20227, yoko direction
..\glue -20.78387
..\glue 0.0
..\glue -5.87494
..\hbox(7.73332+0.83337)x37.98615, yoko direction
...\glue 5.87494
...\mathon
...\cmr/m/n/8 +
...\mathoff
...\glue 4.5 plus 2.25 minus 1.5
...etc.
..\glue 5.87494
.\penalty 0
.\mathon
.etc.

[108] [109] [110] [111] [112] [113] [114] [115] [116] [117] [118] [119]
[120] [121] [122] [123] [124] [125] [126] [127] [128] [129] [130] [131]
[132] [133] [134] [135] [136] [137] [138] [139] [140] [141] [142] [143]
[144]
Overfull \hbox (20.73524pt too wide) in paragraph at lines 10158--10162
[]$\cmm/m/it/12 sl\cmr/m/n/12 (2)$-oper $\cmm/m/it/12 L$ \min/m/it/12 Ç©ÇÁóUì±
ÇµÇƒ $\cmm/m/it/12 G[]$\cmr/m/n/12 -bundle $\cmm/m/it/12 F$ \min/m/it/12 Ç∆ê⁄ë±
 $\cmsy/m/n/12 r$ \min/m/it/12 ÇçÏÇËÇ‹ÇµÇΩÇ™\cmr/m/n/12 , \min/m/it/12 Ç±Ç±Ç≈ 
$\cmm/m/it/12 ^^Q$ \min/m/it/12 Ç™ $[][]\cmr/m/n/12 (\cmsy/m/n/12 T[]\cmm/m/it/
12 ; \euf/m/n/12 b[]\cmr/m/n/12 )$

\hbox(9.33105+3.14444)x456.0, glue set - 1.0
.\hbox(0.0+0.0)x0.0
.\mathon
.\cmm/m/it/12 s
.\cmm/m/it/12 l
.\kern0.2639
.etc.

[145] [146] [147] [148] [149] [150] [151] [152] [153] [154] [155] [156]
[157] [158] [159]
Overfull \hbox (22.70198pt too wide) in paragraph at lines 11214--11218
\min/bx/n/12 éøñ‚ \cmr/bx/n/12 2.$\cmm/m/it/12 T[] [][]\cmr/m/n/12 (\cmm/m/it/1
2 X\cmr/m/n/12 ) \cmsy/m/n/12 ^^Z [][]\cmr/m/n/12 (\cmm/m/it/12 X\cmr/m/n/12 )$
 \min/m/it/12 Ç∆Ç» Ç¡ ÇƒÇ¢ÇÈÇÃÇæÇ∆évÇ¢Ç‹ÇµÇΩÇ™\cmr/m/n/12 , $[][](\cmm/m/it/12 
X\cmr/m/n/12 ) \cmsy/m/n/12 ^^@ \cmm/m/it/12 T[] [][]\cmr/m/n/12 (\cmm/m/it/12 
X\cmr/m/n/12 )$

\hbox(9.33105+3.0)x456.0, glue set - 1.0
.\min/bx/n/12 éø
.\min/bx/n/12 ñ‚
.\glue 4.5 plus 2.25 minus 1.5
.\cmr/bx/n/12 2
.\cmr/bx/n/12 .
.etc.

[160] [161] [162] [163] [164] [165] [166] [167] [168] [169] [170] [171]
[172] [173] [174] [175]
Overfull \hbox (15.88278pt too wide) in paragraph at lines 12320--12324
\min/m/it/12 Ç»ÇÈìØå^ÇÊÇËì±Ç©ÇÍÇÈ\cmr/m/n/12 . (\min/m/it/12 à»è„ÇÃìØå^ÇÕëSÇƒ \
cmr/m/n/12 Pois-son al-ge-bra \min/m/it/12 ÇÃìØå^Ç»ÇÃÇ≈\cmr/m/n/12 , $\cmm/m/it
/12 H[]\cmr/m/n/12 ([][](\cmm/m/it/12 X\cmr/m/n/12 )\cmm/m/it/12 ; [] \cmsy/m/n
/12 D[]\cmr/m/n/12 )$

\hbox(9.51027+3.0)x456.0, glue set - 1.0
.\min/m/it/12 Ç»
.\min/m/it/12 ÇÈ
.\min/m/it/12 ìØ
.\min/m/it/12 å^
.\min/m/it/12 ÇÊ
.etc.

[176] [177] [178] [179] [180] [181] [182] [183] [184] [185] [186] [187]
[188] [189] [190]
Underfull \hbox (badness 1735) in paragraph at lines 13327--13330
[] []\cmr/m/n/12 V. Ginzburg: \cmr/m/it/12 Per-verse sheaves on a loop group an
d Lang-lands' du-al-ity\cmr/m/n/12 ,

\hbox(9.0+3.0)x417.98233, glue set 2.59116
.\hbox(0.0+0.0)x0.0
.\glue 0.0
.\hbox(9.0+3.0)x0.0, yoko direction
..\glue 0.0
..\glue -32.14273
..\glue -5.87494
..\hbox(9.0+3.0)x32.14273, glue set 6.6041fill, yoko direction
...\glue 0.0 plus 1.0fil
...\cmr/m/n/12 [
...\cmr/m/n/12 G
...\cmr/m/n/12 i
...\cmr/m/n/12 n
...etc.
..\glue 5.87494
.\penalty 0
.\cmr/m/n/12 V
.etc.

[191] [192] [193] (shitan01-juten.aux) 
Here is how much of TeX's memory you used:
 1328 strings out of 4160
 12293 string characters out of 52478
 47122 words of memory out of 262141
 3383 multiletter control sequences out of 9500
 33738 words of font info for 135 fonts, out of 72000 for 255
 14 hyphenation exceptions out of 607
 19i,19n,22p,377b,352s stack positions out of 300i,40n,60p,4096b,4000s

Output written on shitan01-juten.dvi (193 pages, 750840 bytes).
