\BOOKMARK [1][-]{section.0}{0 はじめに}{}% 1
\BOOKMARK [1][-]{section.1}{1 ガンマ分布に関する中心極限定理からの``導出''}{}% 2
\BOOKMARK [1][-]{section.2}{2 ガンマ分布の特性函数を用いた表示からの導出}{}% 3
\BOOKMARK [2][-]{subsection.2.1}{2.1 Stirlingの公式の証明}{section.2}% 4
\BOOKMARK [2][-]{subsection.2.2}{2.2 正規化されたガンマ分布の確率密度函数の各点収束}{section.2}% 5
\BOOKMARK [2][-]{subsection.2.3}{2.3 ガンマ分布の特性函数とFourier反転公式を用いない方法}{section.2}% 6
\BOOKMARK [2][-]{subsection.2.4}{2.4 自由度が大きなカイ2乗分布が正規分布で近似できることとの関係}{section.2}% 7
\BOOKMARK [2][-]{subsection.2.5}{2.5 一般の場合の中心極限定理に関する大雑把な解説}{section.2}% 8
\BOOKMARK [2][-]{subsection.2.6}{2.6 二項分布の中心極限定理}{section.2}% 9
\BOOKMARK [1][-]{section.3}{3 Laplaceの方法による導出}{}% 10
\BOOKMARK [2][-]{subsection.3.1}{3.1 ガンマ函数のGauss積分による近似を使った導出}{section.3}% 11
\BOOKMARK [2][-]{subsection.3.2}{3.2 ガンマ函数のガンマ函数を用いた近似で補正項を計算する方法}{section.3}% 12
\BOOKMARK [1][-]{section.4}{4 対数版の易しいStirlingの公式}{}% 13
\BOOKMARK [2][-]{subsection.4.1}{4.1 対数版の易しい Stirling の公式の易しい証明}{section.4}% 14
\BOOKMARK [2][-]{subsection.4.2}{4.2 大学入試問題への応用例}{section.4}% 15
\BOOKMARK [2][-]{subsection.4.3}{4.3 対数版の易しいStirlingの公式の改良}{section.4}% 16
\BOOKMARK [1][-]{section.5}{5 付録: Fourierの反転公式}{}% 17
\BOOKMARK [2][-]{subsection.5.1}{5.1 Gauss分布の場合}{section.5}% 18
\BOOKMARK [2][-]{subsection.5.2}{5.2 一般の場合}{section.5}% 19
\BOOKMARK [2][-]{subsection.5.3}{5.3 Riemann-Lebesgueの定理}{section.5}% 20
\BOOKMARK [2][-]{subsection.5.4}{5.4 Fourier変換の部分和の収束}{section.5}% 21
\BOOKMARK [2][-]{subsection.5.5}{5.5 Fourier級数の部分和の収束}{section.5}% 22
\BOOKMARK [1][-]{section.6}{6 付録: ガウス分布のFourier変換}{}% 23
\BOOKMARK [2][-]{subsection.6.1}{6.1 熱方程式を使う方法}{section.6}% 24
\BOOKMARK [2][-]{subsection.6.2}{6.2 両辺が同一の常微分方程式を満たしていることを使う方法}{section.6}% 25
\BOOKMARK [2][-]{subsection.6.3}{6.3 項別積分で計算する方法}{section.6}% 26
\BOOKMARK [2][-]{subsection.6.4}{6.4 Cauchyの積分定理を使う方法}{section.6}% 27
\BOOKMARK [1][-]{section.7}{7 付録: Gauss積分の計算}{}% 28
\BOOKMARK [2][-]{subsection.7.1}{7.1 同一の体積の2通りの積分表示を用いた計算}{section.7}% 29
\BOOKMARK [2][-]{subsection.7.2}{7.2 極座標変換による計算}{section.7}% 30
\BOOKMARK [2][-]{subsection.7.3}{7.3 Jacobianを使わずにすむ積分変数の変換による計算}{section.7}% 31
\BOOKMARK [2][-]{subsection.7.4}{7.4 ガンマ函数とベータ函数の関係を用いた計算}{section.7}% 32
\BOOKMARK [2][-]{subsection.7.5}{7.5 他の方法}{section.7}% 33
\BOOKMARK [1][-]{section.8}{8 付録: ガンマ函数}{}% 34
\BOOKMARK [2][-]{subsection.8.1}{8.1 ガンマ函数と正弦函数の関係式}{section.8}% 35
\BOOKMARK [2][-]{subsection.8.2}{8.2 ガンマ函数の無限乗積展開}{section.8}% 36
\BOOKMARK [2][-]{subsection.8.3}{8.3 正弦函数の無限乗積展開}{section.8}% 37
\BOOKMARK [2][-]{subsection.8.4}{8.4 Wallisの公式}{section.8}% 38
\BOOKMARK [2][-]{subsection.8.5}{8.5 Stirling-Binet の公式\(1\)}{section.8}% 39
\BOOKMARK [2][-]{subsection.8.6}{8.6 Stirling-Binet の公式\(2\)}{section.8}% 40
\BOOKMARK [1][-]{section.9}{9 付録: 様々な確率分布について}{}% 41
\BOOKMARK [2][-]{subsection.9.1}{9.1 正規分布}{section.9}% 42
\BOOKMARK [2][-]{subsection.9.2}{9.2 ガンマ分布とカイ2乗分布}{section.9}% 43
\BOOKMARK [2][-]{subsection.9.3}{9.3 第二種ベータ分布と t 分布}{section.9}% 44
\BOOKMARK [2][-]{subsection.9.4}{9.4 第一種および第二種ベータ分布と F 分布}{section.9}% 45
\BOOKMARK [2][-]{subsection.9.5}{9.5 ガンマ分布と第一種と第二種のベータ分布の関係}{section.9}% 46
\BOOKMARK [2][-]{subsection.9.6}{9.6 n-1 次元球面上の一様分布とMaxwell-Boltzmann則 \(1\)}{section.9}% 47
\BOOKMARK [2][-]{subsection.9.7}{9.7 n-1 次元球面上の一様分布とMaxwell-Boltzmann則 \(2\)}{section.9}% 48
\BOOKMARK [2][-]{subsection.9.8}{9.8 二項分布と第一種ベータ分布}{section.9}% 49
\BOOKMARK [2][-]{subsection.9.9}{9.9 Poisson分布とガンマ分布}{section.9}% 50
\BOOKMARK [2][-]{subsection.9.10}{9.10 基本的な数学用語の大雑把な説明}{section.9}% 51
\BOOKMARK [1][-]{section.10}{10 付録: 簡単なTauber型定理とその応用}{}% 52
\BOOKMARK [2][-]{subsection.10.1}{10.1 不定積分のTauber型定理}{section.10}% 53
\BOOKMARK [2][-]{subsection.10.2}{10.2 Laplace変換のTauber型定理}{section.10}% 54
\BOOKMARK [2][-]{subsection.10.3}{10.3 Wallisの公式と逆正弦分布}{section.10}% 55
\BOOKMARK [2][-]{subsection.10.4}{10.4 x-x2+x4-x8+x16-x32+\@let@token arc で x1 とすると?}{section.10}% 56
\BOOKMARK [2][-]{subsection.10.5}{10.5 Laplace-Stieltjes変換}{section.10}% 57
\BOOKMARK [2][-]{subsection.10.6}{10.6 Laplace-Stieltjes変換のTauber型定理}{section.10}% 58
\BOOKMARK [1][-]{section.11}{11 付録: Taylorの定理に証明の仕方}{}% 59
\BOOKMARK [2][-]{subsection.11.1}{11.1 積分剰余項型Taylorの定理}{section.11}% 60
\BOOKMARK [2][-]{subsection.11.2}{11.2 剰余項の絶対値の上からの評価とTaylor展開の具体例}{section.11}% 61
\BOOKMARK [2][-]{subsection.11.3}{11.3 線形常微分方程式の解法}{section.11}% 62
\BOOKMARK [2][-]{subsection.11.4}{11.4 微分剰余項型Taylorの定理}{section.11}% 63
