This is pdfTeX, Version 3.1415926-2.4-1.40.13 (TeX Live 2012/W32TeX) (format=amstex 2012.7.12)  22 JUN 2017 19:38
entering extended mode
 restricted \write18 enabled.
 %&-line parsing enabled.
**9402126.tex
(./9402126.tex

AmS-TeX- Version 2.2

(c:/texlive/2012/texmf-dist/tex/amstex/base/amsppt.sty
version 2.2 (2001/08/07): Loading utility definitions, more fonts,
page dimension settings, top matter, section heads,
theorems/proofs/definitions/remarks, rosters, footnotes, figures and captions,
miscellaneous, references, end of document, output routine,
\copyins=\insert252

hyphenation exceptions (U.S. English)
(c:/texlive/2012/texmf-dist/tex/amstex/base/amsppt.sti symbol names
(c:/texlive/2012/texmf-dist/tex/plain/amsfonts/amssym.tex) ,)

) [1] [2] [3] [4] [5]
Overfull \hbox (42.20659pt too wide) in paragraph at lines 502--502
[] 

\hbox(7.0+4.0)x391.46176
.\hbox(7.0+4.0)x433.66835, glue set 433.66835fill
..\hbox(7.0+4.0)x0.0
...\vbox(7.5+3.5)x0.0, shifted 0.5 []
..\glue 0.0 plus 1.0fill
.\penalty 10000
.\glue(\parfillskip) 0.0 plus 1.0fil
.\glue(\rightskip) 0.0


Overfull \hbox (42.20659pt too wide) in alignment at lines 502--502
 [][] []

\hbox(0.0+0.0)x391.46176
.\glue(\tabskip) 0.0 plus 1000.0
.\unsetbox(0.0+0.0)x0.0
.\glue(\tabskip) 0.0
.\unsetbox(0.0+0.0)x433.66835
.\glue(\tabskip) 0.0 plus 1000.0
.etc.


Underfull \vbox (badness 5288) has occurred while \output is active
\vbox(542.025+2.5)x391.46176, glue set 3.75703
.\glue(\topskip) 2.5
.\hbox(7.5+2.5)x391.46176, glue set 312.35109fil
..\tenbf (
..\tenbf 1
..\tenbf .
..\tenbf 1
..\tenbf 7
..etc.
.\penalty 10000
.\glue(\abovedisplayskip) 12.0 plus 3.0 minus 9.0
.\glue(\baselineskip) 2.0
.etc.

 [6]
[7] [8] [9] [10]
Overfull \hbox (0.50508pt too wide) in paragraph at lines 783--786
[]\tenrm If $\teni V[]; [] ; V[]$ \tenrm are ir-re-ducible finite-dimensional $
\teneufm g$\tenrm -modules, or Verma mod-ules with generic

\hbox(6.94444+1.94444)x391.46176, glue set - 1.0
.\hbox(0.0+0.0)x12.0
.\tenrm I
.\tenrm f
.\glue 3.33333 plus 1.66666 minus 1.11111
.\mathon
.etc.

[11] [12] [13] [14] [15] [16] [17] [18] [19]
Overfull \hbox (10.70757pt too wide) detected at line 1419
\tenrm (\teni ![]; ![]\tenrm )[][]
[]\teni ^^U\tenrm (\teni m[]; m[]\tenrm ; \teni `\tenrm ) = []\teni m[]m[] \ten
sy ^^@ \teni `\tenrm (\teni m[] \tenrm + \teni m[]\tenrm ) + \teni `\tenrm (\te
ni ` \tensy ^^@ \tenrm 1)\teni :

\hbox(8.44843+3.44841)x391.46176, glue set - 1.0
.\tenrm (
.\teni !
.\hbox(4.51111+0.0)x4.48613, shifted 1.49998
..\sevenrm 2
.\teni ;
.\glue(\thinmuskip) 1.66663
.etc.

[20] [21] [22] [23]
Underfull \hbox (badness 10000) in paragraph at lines 1788--1797


\hbox(0.0+0.0)x391.46176
.\glue(\rightskip) 0.0

[24] [25] [26]
Overfull \hbox (2.6928pt too wide) in paragraph at lines 1976--1982
[]\tenrm Define a bi-jec-tion $\tensy L[] ! K[]$ \tenrm by the rule $(\teni `[]
 \tensy ^^U [] ^^U \teni `[]\tenrm ) \tensy 7! [][]\tenrm (0\teni ; [] ; \tenrm
 0\teni ; \tenrm 1[]\teni ; \tenrm 0\teni ; [] ; \tenrm 0)$.

\hbox(9.88896+4.36115)x391.46176, glue set - 1.0
.\hbox(0.0+0.0)x12.0
.\tenrm D
.\tenrm e
.\tenrm ^^L (ligature fi)
.\tenrm n
.etc.

[27] [28] [29] )
Output written on 9402126.dvi (29 pages, 110556 bytes).
